<?xml version="1.0" encoding="UTF-8"?>
<!-- Generated by org.testng.reporters.JUnitReportReporter -->
<testsuite skipped="0" hostname="D-184000366" name="Advance_selenium.com.Opencart_Advance.test1" tests="1" failures="0" timestamp="08 Feb 2018 09:10:52 GMT" time="0.016" errors="0">
  <testcase name="Test1" time="0.016" classname="Advance_selenium.com.Opencart_Advance.test1"/>
</testsuite> <!-- Advance_selenium.com.Opencart_Advance.test1 -->
